<?xml version="1.0" encoding="UTF-8"?>
<testsuite xmlns:xsi="http://www.w3.org/2001/XMLSchema-instance" xsi:noNamespaceSchemaLocation="https://maven.apache.org/surefire/maven-surefire-plugin/xsd/surefire-test-report-3.0.xsd" version="3.0" name="org.iantorno.TestClassTest" time="0.111" tests="2" errors="0" skipped="0" failures="0">
  <properties>
    <property name="sun.desktop" value="gnome"/>
    <property name="awt.toolkit" value="sun.awt.X11.XToolkit"/>
    <property name="file.encoding.pkg" value="sun.io"/>
    <property name="java.specification.version" value="1.8"/>
    <property name="sun.cpu.isalist" value=""/>
    <property name="sun.jnu.encoding" value="UTF-8"/>
    <property name="java.class.path" value="/home/mark/Documents/Projects/FHIR/temp/ProjectA/target/test-classes:/home/mark/Documents/Projects/FHIR/temp/ProjectA/target/generated-classes/cobertura:/home/mark/.m2/repository/org/junit/jupiter/junit-jupiter/5.7.0-M1/junit-jupiter-5.7.0-M1.jar:/home/mark/.m2/repository/org/junit/jupiter/junit-jupiter-api/5.7.0-M1/junit-jupiter-api-5.7.0-M1.jar:/home/mark/.m2/repository/org/apiguardian/apiguardian-api/1.1.0/apiguardian-api-1.1.0.jar:/home/mark/.m2/repository/org/opentest4j/opentest4j/1.2.0/opentest4j-1.2.0.jar:/home/mark/.m2/repository/org/junit/platform/junit-platform-commons/1.7.0-M1/junit-platform-commons-1.7.0-M1.jar:/home/mark/.m2/repository/org/junit/jupiter/junit-jupiter-params/5.7.0-M1/junit-jupiter-params-5.7.0-M1.jar:/home/mark/.m2/repository/org/junit/jupiter/junit-jupiter-engine/5.7.0-M1/junit-jupiter-engine-5.7.0-M1.jar:/home/mark/.m2/repository/org/junit/platform/junit-platform-engine/1.7.0-M1/junit-platform-engine-1.7.0-M1.jar:/home/mark/.m2/repository/net/sourceforge/cobertura/cobertura/2.1.1/cobertura-2.1.1.jar:/home/mark/.m2/repository/jaxen/jaxen/1.1.4/jaxen-1.1.4.jar:/home/mark/.m2/repository/org/apache/ant/ant/1.8.3/ant-1.8.3.jar:/home/mark/.m2/repository/org/apache/ant/ant-launcher/1.8.3/ant-launcher-1.8.3.jar:/home/mark/.m2/repository/org/apache/ant/ant-junit/1.8.3/ant-junit-1.8.3.jar:/home/mark/.m2/repository/org/mortbay/jetty/servlet-api-2.5/6.1.14/servlet-api-2.5-6.1.14.jar:/home/mark/.m2/repository/org/mortbay/jetty/jetty/6.1.14/jetty-6.1.14.jar:/home/mark/.m2/repository/org/mortbay/jetty/jetty-util/6.1.14/jetty-util-6.1.14.jar:/home/mark/.sdkman/candidates/java/8.0.202-zulu/jre/../lib/tools.jar:/home/mark/.m2/repository/org/slf4j/slf4j-api/1.7.5/slf4j-api-1.7.5.jar:/home/mark/.m2/repository/ch/qos/logback/logback-classic/1.0.13/logback-classic-1.0.13.jar:/home/mark/.m2/repository/ch/qos/logback/logback-core/1.0.13/logback-core-1.0.13.jar:/home/mark/.m2/repository/junit/junit/4.11/junit-4.11.jar:/home/mark/.m2/repository/org/hamcrest/hamcrest-core/1.3/hamcrest-core-1.3.jar:/home/mark/.m2/repository/org/apache/commons/commons-lang3/3.3.2/commons-lang3-3.3.2.jar:"/>
    <property name="java.vm.vendor" value="Azul Systems, Inc."/>
    <property name="sun.arch.data.model" value="64"/>
    <property name="java.vendor.url" value="http://www.azulsystems.com/"/>
    <property name="user.timezone" value="America/Toronto"/>
    <property name="java.vm.specification.version" value="1.8"/>
    <property name="os.name" value="Linux"/>
    <property name="user.country" value="CA"/>
    <property name="sun.java.launcher" value="SUN_STANDARD"/>
    <property name="sun.boot.library.path" value="/home/mark/.sdkman/candidates/java/8.0.202-zulu/jre/lib/amd64"/>
    <property name="sun.java.command" value="/home/mark/Documents/Projects/FHIR/temp/ProjectA/target/surefire/surefirebooter6607352520500607818.jar /home/mark/Documents/Projects/FHIR/temp/ProjectA/target/surefire 2020-04-30T11-28-06_836-jvmRun1 surefire1096624401812544414tmp surefire_05076029807499349462tmp"/>
    <property name="surefire.test.class.path" value="/home/mark/Documents/Projects/FHIR/temp/ProjectA/target/test-classes:/home/mark/Documents/Projects/FHIR/temp/ProjectA/target/generated-classes/cobertura:/home/mark/.m2/repository/org/junit/jupiter/junit-jupiter/5.7.0-M1/junit-jupiter-5.7.0-M1.jar:/home/mark/.m2/repository/org/junit/jupiter/junit-jupiter-api/5.7.0-M1/junit-jupiter-api-5.7.0-M1.jar:/home/mark/.m2/repository/org/apiguardian/apiguardian-api/1.1.0/apiguardian-api-1.1.0.jar:/home/mark/.m2/repository/org/opentest4j/opentest4j/1.2.0/opentest4j-1.2.0.jar:/home/mark/.m2/repository/org/junit/platform/junit-platform-commons/1.7.0-M1/junit-platform-commons-1.7.0-M1.jar:/home/mark/.m2/repository/org/junit/jupiter/junit-jupiter-params/5.7.0-M1/junit-jupiter-params-5.7.0-M1.jar:/home/mark/.m2/repository/org/junit/jupiter/junit-jupiter-engine/5.7.0-M1/junit-jupiter-engine-5.7.0-M1.jar:/home/mark/.m2/repository/org/junit/platform/junit-platform-engine/1.7.0-M1/junit-platform-engine-1.7.0-M1.jar:/home/mark/.m2/repository/net/sourceforge/cobertura/cobertura/2.1.1/cobertura-2.1.1.jar:/home/mark/.m2/repository/jaxen/jaxen/1.1.4/jaxen-1.1.4.jar:/home/mark/.m2/repository/org/apache/ant/ant/1.8.3/ant-1.8.3.jar:/home/mark/.m2/repository/org/apache/ant/ant-launcher/1.8.3/ant-launcher-1.8.3.jar:/home/mark/.m2/repository/org/apache/ant/ant-junit/1.8.3/ant-junit-1.8.3.jar:/home/mark/.m2/repository/org/mortbay/jetty/servlet-api-2.5/6.1.14/servlet-api-2.5-6.1.14.jar:/home/mark/.m2/repository/org/mortbay/jetty/jetty/6.1.14/jetty-6.1.14.jar:/home/mark/.m2/repository/org/mortbay/jetty/jetty-util/6.1.14/jetty-util-6.1.14.jar:/home/mark/.sdkman/candidates/java/8.0.202-zulu/jre/../lib/tools.jar:/home/mark/.m2/repository/org/slf4j/slf4j-api/1.7.5/slf4j-api-1.7.5.jar:/home/mark/.m2/repository/ch/qos/logback/logback-classic/1.0.13/logback-classic-1.0.13.jar:/home/mark/.m2/repository/ch/qos/logback/logback-core/1.0.13/logback-core-1.0.13.jar:/home/mark/.m2/repository/junit/junit/4.11/junit-4.11.jar:/home/mark/.m2/repository/org/hamcrest/hamcrest-core/1.3/hamcrest-core-1.3.jar:/home/mark/.m2/repository/org/apache/commons/commons-lang3/3.3.2/commons-lang3-3.3.2.jar:"/>
    <property name="sun.cpu.endian" value="little"/>
    <property name="user.home" value="/home/mark"/>
    <property name="user.language" value="en"/>
    <property name="java.specification.vendor" value="Oracle Corporation"/>
    <property name="java.home" value="/home/mark/.sdkman/candidates/java/8.0.202-zulu/jre"/>
    <property name="basedir" value="/home/mark/Documents/Projects/FHIR/temp/ProjectA"/>
    <property name="file.separator" value="/"/>
    <property name="line.separator" value="&#10;"/>
    <property name="java.vm.specification.vendor" value="Oracle Corporation"/>
    <property name="java.specification.name" value="Java Platform API Specification"/>
    <property name="java.awt.graphicsenv" value="sun.awt.X11GraphicsEnvironment"/>
    <property name="surefire.real.class.path" value="/home/mark/Documents/Projects/FHIR/temp/ProjectA/target/surefire/surefirebooter6607352520500607818.jar"/>
    <property name="sun.boot.class.path" value="/home/mark/.sdkman/candidates/java/8.0.202-zulu/jre/lib/resources.jar:/home/mark/.sdkman/candidates/java/8.0.202-zulu/jre/lib/rt.jar:/home/mark/.sdkman/candidates/java/8.0.202-zulu/jre/lib/sunrsasign.jar:/home/mark/.sdkman/candidates/java/8.0.202-zulu/jre/lib/jsse.jar:/home/mark/.sdkman/candidates/java/8.0.202-zulu/jre/lib/jce.jar:/home/mark/.sdkman/candidates/java/8.0.202-zulu/jre/lib/charsets.jar:/home/mark/.sdkman/candidates/java/8.0.202-zulu/jre/lib/jfr.jar:/home/mark/.sdkman/candidates/java/8.0.202-zulu/jre/classes"/>
    <property name="sun.management.compiler" value="HotSpot 64-Bit Tiered Compilers"/>
    <property name="java.runtime.version" value="1.8.0_202-b05"/>
    <property name="user.name" value="mark"/>
    <property name="path.separator" value=":"/>
    <property name="os.version" value="4.15.0-96-generic"/>
    <property name="java.endorsed.dirs" value="/home/mark/.sdkman/candidates/java/8.0.202-zulu/jre/lib/endorsed"/>
    <property name="java.runtime.name" value="OpenJDK Runtime Environment"/>
    <property name="file.encoding" value="UTF-8"/>
    <property name="java.vm.name" value="OpenJDK 64-Bit Server VM"/>
    <property name="localRepository" value="/home/mark/.m2/repository"/>
    <property name="java.vendor.url.bug" value="http://www.azulsystems.com/support/"/>
    <property name="java.io.tmpdir" value="/tmp"/>
    <property name="java.version" value="1.8.0_202"/>
    <property name="user.dir" value="/home/mark/Documents/Projects/FHIR/temp/ProjectA"/>
    <property name="os.arch" value="amd64"/>
    <property name="java.vm.specification.name" value="Java Virtual Machine Specification"/>
    <property name="java.awt.printerjob" value="sun.print.PSPrinterJob"/>
    <property name="sun.os.patch.level" value="unknown"/>
    <property name="java.library.path" value="/usr/java/packages/lib/amd64:/usr/lib64:/lib64:/lib:/usr/lib"/>
    <property name="java.vm.info" value="mixed mode"/>
    <property name="java.vendor" value="Azul Systems, Inc."/>
    <property name="java.vm.version" value="25.202-b05"/>
    <property name="java.ext.dirs" value="/home/mark/.sdkman/candidates/java/8.0.202-zulu/jre/lib/ext:/usr/java/packages/lib/ext"/>
    <property name="sun.io.unicode.encoding" value="UnicodeLittle"/>
    <property name="java.class.version" value="52.0"/>
  </properties>
  <testcase name="addTwoNumbers" classname="org.iantorno.TestClassTest" time="0.101"/>
  <testcase name="subtractTwoNumbers" classname="org.iantorno.TestClassTest" time="0.001"/>
</testsuite>